0 info it worked if it ends with ok
1 verbose cli [ '/usr/local/bin/iojs', '/usr/local/bin/npm', 'start' ]
2 info using npm@3.3.4
3 info using node@v2.3.4
4 verbose run-script [ 'prestart', 'start', 'poststart' ]
5 info lifecycle location-api@1.0.0~prestart: location-api@1.0.0
6 silly lifecycle location-api@1.0.0~prestart: no script for prestart, continuing
7 info lifecycle location-api@1.0.0~start: location-api@1.0.0
8 verbose lifecycle location-api@1.0.0~start: unsafe-perm in lifecycle true
9 verbose lifecycle location-api@1.0.0~start: PATH: /usr/local/lib/node_modules/npm/bin/node-gyp-bin:/Users/bogdantirca/workspace/Intersect/server-locations/locations-api/node_modules/.bin:/usr/local/bin:/usr/bin:/bin:/usr/sbin:/sbin:/usr/local/git/bin
10 verbose lifecycle location-api@1.0.0~start: CWD: /Users/bogdantirca/workspace/Intersect/server-locations/locations-api
11 silly lifecycle location-api@1.0.0~start: Args: [ '-c', 'node server.js' ]
12 silly lifecycle location-api@1.0.0~start: Returned: code: 1  signal: null
13 info lifecycle location-api@1.0.0~start: Failed to exec start script
14 verbose stack Error: location-api@1.0.0 start: `node server.js`
14 verbose stack Exit status 1
14 verbose stack     at EventEmitter.<anonymous> (/usr/local/lib/node_modules/npm/lib/utils/lifecycle.js:233:16)
14 verbose stack     at emitTwo (events.js:87:13)
14 verbose stack     at EventEmitter.emit (events.js:172:7)
14 verbose stack     at ChildProcess.<anonymous> (/usr/local/lib/node_modules/npm/lib/utils/spawn.js:24:14)
14 verbose stack     at emitTwo (events.js:87:13)
14 verbose stack     at ChildProcess.emit (events.js:172:7)
14 verbose stack     at maybeClose (internal/child_process.js:764:16)
14 verbose stack     at Process.ChildProcess._handle.onexit (internal/child_process.js:211:5)
15 verbose pkgid location-api@1.0.0
16 verbose cwd /Users/bogdantirca/workspace/Intersect/server-locations/locations-api
17 error Darwin 14.5.0
18 error argv "/usr/local/bin/iojs" "/usr/local/bin/npm" "start"
19 error node v2.3.4
20 error npm  v3.3.4
21 error code ELIFECYCLE
22 error location-api@1.0.0 start: `node server.js`
22 error Exit status 1
23 error Failed at the location-api@1.0.0 start script 'node server.js'.
23 error This is most likely a problem with the location-api package,
23 error not with npm itself.
23 error Tell the author that this fails on your system:
23 error     node server.js
23 error You can get their info via:
23 error     npm owner ls location-api
23 error There is likely additional logging output above.
24 verbose exit [ 1, true ]
